SF:/Users/runner/work/Sticky/Sticky/Sources/Atomic.swift
FN:26,$s6Sticky6AtomicC5queue33_EC2D30CEF3D8CAE422A4EBEF742CCDDDLLSo012OS_dispatch_C0Cvpfi
FN:33,$s6Sticky6AtomicCyACyxGxcfc
FN:38,$s6Sticky6AtomicC5valuexvg
FN:39,$s6Sticky6AtomicC5valuexvgxyXEfU_
FN:43,$s6Sticky6AtomicC5valuexvs
FN:44,$s6Sticky6AtomicC5valuexvsyyXEfU_
FN:50,$s6Sticky6AtomicC6modify5blockyyxzKXE_tKF
FN:51,$s6Sticky6AtomicC6modify5blockyyxzKXE_tKFyyKXEfU_
FNDA:69,$s6Sticky6AtomicC5queue33_EC2D30CEF3D8CAE422A4EBEF742CCDDDLLSo012OS_dispatch_C0Cvpfi
FNDA:69,$s6Sticky6AtomicCyACyxGxcfc
FNDA:11,$s6Sticky6AtomicC5valuexvg
FNDA:11,$s6Sticky6AtomicC5valuexvgxyXEfU_
FNDA:17,$s6Sticky6AtomicC5valuexvs
FNDA:17,$s6Sticky6AtomicC5valuexvsyyXEfU_
FNDA:63,$s6Sticky6AtomicC6modify5blockyyxzKXE_tKF
FNDA:63,$s6Sticky6AtomicC6modify5blockyyxzKXE_tKFyyKXEfU_
FNF:8
FNH:8
DA:26,69
DA:27,69
DA:28,69
DA:29,69
DA:33,69
DA:34,69
DA:35,69
DA:38,11
DA:39,11
DA:40,11
DA:41,11
DA:42,11
DA:43,17
DA:44,17
DA:45,17
DA:46,17
DA:47,17
DA:50,63
DA:51,63
DA:52,63
DA:53,63
DA:54,63
BRF:0
BRH:0
LF:31
LH:31
end_of_record
SF:/Users/runner/work/Sticky/Sticky/Sources/NSManagedObject+Additions.swift
FN:36,$sSo15NSManagedObjectC6StickyE7contextABSo0aB7ContextC_tcfC
FNDA:0,$sSo15NSManagedObjectC6StickyE7contextABSo0aB7ContextC_tcfC
FNF:1
FNH:0
DA:36,0
BRF:0
BRH:0
LF:1
LH:0
end_of_record
SF:/Users/runner/work/Sticky/Sticky/Sources/NSManagedObjectContext+Additions.swift
FN:28,$sSo22NSManagedObjectContextC6StickyE6createyxxmKSo0aB0CRbzlF
FN:34,$sSo22NSManagedObjectContextC6StickyE5fetch_5blockSayxGxm_ySo14NSFetchRequestCyxGcSgtKSo0aB0CRbzlF
FN:42,$sSo22NSManagedObjectContextC6StickyE6delete_5blockyxm_ySo14NSFetchRequestCyxGcSgtKSo0aB0CRbzlF
FN:44,$sSo22NSManagedObjectContextC6StickyE6delete_5blockyxm_ySo14NSFetchRequestCyxGcSgtKSo0aB0CRbzlFyAKcABcfu_
FN:44,$sSo22NSManagedObjectContextC6StickyE6delete_5blockyxm_ySo14NSFetchRequestCyxGcSgtKSo0aB0CRbzlFyAKcABcfu_yAKcfu0_
FN:47,$sSo22NSManagedObjectContextC6StickyE6entity3forSo19NSEntityDescriptionCxm_tKSo0aB0CRbzlF
FN:55,$sSo22NSManagedObjectContextC6StickyE26persistentStoreCoordinator33_0CA58C514A24A8AD1AEB4C613430D83ALLSo012NSPersistentfG0CyKF
FNDA:37,$sSo22NSManagedObjectContextC6StickyE6createyxxmKSo0aB0CRbzlF
FNDA:29,$sSo22NSManagedObjectContextC6StickyE5fetch_5blockSayxGxm_ySo14NSFetchRequestCyxGcSgtKSo0aB0CRbzlF
FNDA:4,$sSo22NSManagedObjectContextC6StickyE6delete_5blockyxm_ySo14NSFetchRequestCyxGcSgtKSo0aB0CRbzlF
FNDA:4,$sSo22NSManagedObjectContextC6StickyE6delete_5blockyxm_ySo14NSFetchRequestCyxGcSgtKSo0aB0CRbzlFyAKcABcfu_
FNDA:22,$sSo22NSManagedObjectContextC6StickyE6delete_5blockyxm_ySo14NSFetchRequestCyxGcSgtKSo0aB0CRbzlFyAKcABcfu_yAKcfu0_
FNDA:66,$sSo22NSManagedObjectContextC6StickyE6entity3forSo19NSEntityDescriptionCxm_tKSo0aB0CRbzlF
FNDA:66,$sSo22NSManagedObjectContextC6StickyE26persistentStoreCoordinator33_0CA58C514A24A8AD1AEB4C613430D83ALLSo012NSPersistentfG0CyKF
FNF:6
FNH:6
DA:28,37
DA:29,37
DA:30,37
DA:31,37
DA:32,37
DA:34,29
DA:35,29
DA:36,29
DA:37,29
DA:38,29
DA:39,29
DA:40,29
DA:42,4
DA:43,4
DA:44,26
DA:45,4
DA:47,66
DA:48,66
DA:49,66
DA:50,66
DA:51,66
DA:52,66
DA:53,66
DA:55,66
DA:56,66
DA:57,66
DA:58,66
DA:59,66
DA:60,66
DA:61,2
DA:62,64
DA:63,64
DA:64,64
DA:65,66
BRF:0
BRH:0
LF:35
LH:35
end_of_record
SF:/Users/runner/work/Sticky/Sticky/Sources/NSManagedObjectContext+Perform.swift
FN:27,$sSo22NSManagedObjectContextC6StickyE7perform5blockyyABc_tF
FN:28,$sSo22NSManagedObjectContextC6StickyE7perform5blockyyABc_tFyycfU_
FN:33,$sSo22NSManagedObjectContextC6StickyE14performAndWait5blockxxABKXE_tKlF
FN:36,$sSo22NSManagedObjectContextC6StickyE14performAndWait5blockxxABKXE_tKlFyxABKcXEfU_
FN:37,$sSo22NSManagedObjectContextC6StickyE14performAndWait5blockxxABKXE_tKlFyxABKcXEfU_yyXEfU_
FN:38,$sSo22NSManagedObjectContextC6StickyE14performAndWait5blockxxABKXE_tKlFyxABKcXEfU_yyXEfU_xyKXEfU_
FN:46,$sSo22NSManagedObjectContextC6StickyE14performAndWait5blockxxABKXE_tKlF10throwErrorL_yxs0J0_pKlF
FNDA:20,$sSo22NSManagedObjectContextC6StickyE7perform5blockyyABc_tF
FNDA:20,$sSo22NSManagedObjectContextC6StickyE7perform5blockyyABc_tFyycfU_
FNDA:26,$sSo22NSManagedObjectContextC6StickyE14performAndWait5blockxxABKXE_tKlF
FNDA:26,$sSo22NSManagedObjectContextC6StickyE14performAndWait5blockxxABKXE_tKlFyxABKcXEfU_
FNDA:26,$sSo22NSManagedObjectContextC6StickyE14performAndWait5blockxxABKXE_tKlFyxABKcXEfU_yyXEfU_
FNDA:26,$sSo22NSManagedObjectContextC6StickyE14performAndWait5blockxxABKXE_tKlFyxABKcXEfU_yyXEfU_xyKXEfU_
FNDA:3,$sSo22NSManagedObjectContextC6StickyE14performAndWait5blockxxABKXE_tKlF10throwErrorL_yxs0J0_pKlF
FNF:7
FNH:7
DA:27,20
DA:28,20
DA:29,20
DA:30,20
DA:31,20
DA:33,26
DA:34,26
DA:35,26
DA:36,26
DA:37,26
DA:38,26
DA:39,26
DA:40,26
DA:41,26
DA:42,26
DA:43,26
DA:44,23
DA:45,26
DA:46,3
DA:47,3
DA:48,26
DA:49,26
BRF:0
BRH:0
LF:35
LH:35
end_of_record
SF:/Users/runner/work/Sticky/Sticky/Sources/NSManagedObjectModel+Additions.swift
FN:27,$sSo20NSManagedObjectModelC6StickyE6entity3forSo19NSEntityDescriptionCSS_tKF
FN:33,$sSo20NSManagedObjectModelC6StickyE6entity3forSo19NSEntityDescriptionCSS_tKFSbAGXEfU_
FNDA:66,$sSo20NSManagedObjectModelC6StickyE6entity3forSo19NSEntityDescriptionCSS_tKF
FNDA:66,$sSo20NSManagedObjectModelC6StickyE6entity3forSo19NSEntityDescriptionCSS_tKFSbAGXEfU_
FNF:2
FNH:2
DA:27,66
DA:28,66
DA:29,66
DA:30,66
DA:31,66
DA:32,66
DA:33,66
DA:34,66
DA:35,66
DA:36,63
DA:37,1
DA:38,62
DA:39,62
DA:40,62
DA:41,3
DA:42,3
DA:43,3
DA:44,0
BRF:0
BRH:0
LF:19
LH:18
end_of_record
SF:/Users/runner/work/Sticky/Sticky/Sources/NSPersistentContainerLoader.swift
FN:27,$s6Sticky27NSPersistentContainerLoaderC5queue33_ABA4EB8466305FBD49650984CE022B71LLSo012OS_dispatch_E0Cvpfi
FN:33,$s6Sticky27NSPersistentContainerLoaderC8syncLoad012nsPersistentC07handlerSDySo0B16StoreDescriptionCs5Error_pGAA0bC8Protocol_p_yAH_sAI_pSgtcSgtF
FN:36,$s6Sticky27NSPersistentContainerLoaderC8syncLoad012nsPersistentC07handlerSDySo0B16StoreDescriptionCs5Error_pGAA0bC8Protocol_p_yAH_sAI_pSgtcSgtFyAHXEfU_
FN:40,$s6Sticky27NSPersistentContainerLoaderC8syncLoad012nsPersistentC07handlerSDySo0B16StoreDescriptionCs5Error_pGAA0bC8Protocol_p_yAH_sAI_pSgtcSgtFyAH_ALtcfU0_
FN:45,$s6Sticky27NSPersistentContainerLoaderC8syncLoad012nsPersistentC07handlerSDySo0B16StoreDescriptionCs5Error_pGAA0bC8Protocol_p_yAH_sAI_pSgtcSgtFyAH_ALtcyKXEfu_
FN:45,$s6Sticky27NSPersistentContainerLoaderC8syncLoad012nsPersistentC07handlerSDySo0B16StoreDescriptionCs5Error_pGAA0bC8Protocol_p_yAH_sAI_pSgtcSgtFyAH_ALtcyKXEfu_yAH_ALtcfU1_
FN:47,$s6Sticky27NSPersistentContainerLoaderC8syncLoad012nsPersistentC07handlerSDySo0B16StoreDescriptionCs5Error_pGAA0bC8Protocol_p_yAH_sAI_pSgtcSgtFyyAH_ALtcXEfU2_
FN:48,$s6Sticky27NSPersistentContainerLoaderC8syncLoad012nsPersistentC07handlerSDySo0B16StoreDescriptionCs5Error_pGAA0bC8Protocol_p_yAH_sAI_pSgtcSgtFyyAH_ALtcXEfU2_yAH_ALtcfU_
FN:55,$s6Sticky27NSPersistentContainerLoaderC8syncLoad012nsPersistentC07handlerSDySo0B16StoreDescriptionCs5Error_pGAA0bC8Protocol_p_yAH_sAI_pSgtcSgtFSbyXEfu0_
FN:56,$s6Sticky27NSPersistentContainerLoaderC8syncLoad012nsPersistentC07handlerSDySo0B16StoreDescriptionCs5Error_pGAA0bC8Protocol_p_yAH_sAI_pSgtcSgtFSSyXEfu1_
FN:66,$s6Sticky27NSPersistentContainerLoaderC9asyncLoad012nsPersistentC07handler10completionyAA0bC8Protocol_p_ySo0B16StoreDescriptionC_s5Error_pSgtcSgySDyAJsAK_pGctF
FN:69,$s6Sticky27NSPersistentContainerLoaderC9asyncLoad012nsPersistentC07handler10completionyAA0bC8Protocol_p_ySo0B16StoreDescriptionC_s5Error_pSgtcSgySDyAJsAK_pGctFyAJXEfU_
FN:73,$s6Sticky27NSPersistentContainerLoaderC9asyncLoad012nsPersistentC07handler10completionyAA0bC8Protocol_p_ySo0B16StoreDescriptionC_s5Error_pSgtcSgySDyAJsAK_pGctFyAJ_ALtcfU0_
FN:76,$s6Sticky27NSPersistentContainerLoaderC9asyncLoad012nsPersistentC07handler10completionyAA0bC8Protocol_p_ySo0B16StoreDescriptionC_s5Error_pSgtcSgySDyAJsAK_pGctFyAJ_ALtcfU0_yyXEfU_
FNDA:46,$s6Sticky27NSPersistentContainerLoaderC5queue33_ABA4EB8466305FBD49650984CE022B71LLSo012OS_dispatch_E0Cvpfi
FNDA:36,$s6Sticky27NSPersistentContainerLoaderC8syncLoad012nsPersistentC07handlerSDySo0B16StoreDescriptionCs5Error_pGAA0bC8Protocol_p_yAH_sAI_pSgtcSgtF
FNDA:36,$s6Sticky27NSPersistentContainerLoaderC8syncLoad012nsPersistentC07handlerSDySo0B16StoreDescriptionCs5Error_pGAA0bC8Protocol_p_yAH_sAI_pSgtcSgtFyAHXEfU_
FNDA:36,$s6Sticky27NSPersistentContainerLoaderC8syncLoad012nsPersistentC07handlerSDySo0B16StoreDescriptionCs5Error_pGAA0bC8Protocol_p_yAH_sAI_pSgtcSgtFyAH_ALtcfU0_
FNDA:36,$s6Sticky27NSPersistentContainerLoaderC8syncLoad012nsPersistentC07handlerSDySo0B16StoreDescriptionCs5Error_pGAA0bC8Protocol_p_yAH_sAI_pSgtcSgtFyAH_ALtcyKXEfu_
FNDA:36,$s6Sticky27NSPersistentContainerLoaderC8syncLoad012nsPersistentC07handlerSDySo0B16StoreDescriptionCs5Error_pGAA0bC8Protocol_p_yAH_sAI_pSgtcSgtFyAH_ALtcyKXEfu_yAH_ALtcfU1_
FNDA:36,$s6Sticky27NSPersistentContainerLoaderC8syncLoad012nsPersistentC07handlerSDySo0B16StoreDescriptionCs5Error_pGAA0bC8Protocol_p_yAH_sAI_pSgtcSgtFyyAH_ALtcXEfU2_
FNDA:36,$s6Sticky27NSPersistentContainerLoaderC8syncLoad012nsPersistentC07handlerSDySo0B16StoreDescriptionCs5Error_pGAA0bC8Protocol_p_yAH_sAI_pSgtcSgtFyyAH_ALtcXEfU2_yAH_ALtcfU_
FNDA:36,$s6Sticky27NSPersistentContainerLoaderC8syncLoad012nsPersistentC07handlerSDySo0B16StoreDescriptionCs5Error_pGAA0bC8Protocol_p_yAH_sAI_pSgtcSgtFSbyXEfu0_
FNDA:0,$s6Sticky27NSPersistentContainerLoaderC8syncLoad012nsPersistentC07handlerSDySo0B16StoreDescriptionCs5Error_pGAA0bC8Protocol_p_yAH_sAI_pSgtcSgtFSSyXEfu1_
FNDA:8,$s6Sticky27NSPersistentContainerLoaderC9asyncLoad012nsPersistentC07handler10completionyAA0bC8Protocol_p_ySo0B16StoreDescriptionC_s5Error_pSgtcSgySDyAJsAK_pGctF
FNDA:8,$s6Sticky27NSPersistentContainerLoaderC9asyncLoad012nsPersistentC07handler10completionyAA0bC8Protocol_p_ySo0B16StoreDescriptionC_s5Error_pSgtcSgySDyAJsAK_pGctFyAJXEfU_
FNDA:8,$s6Sticky27NSPersistentContainerLoaderC9asyncLoad012nsPersistentC07handler10completionyAA0bC8Protocol_p_ySo0B16StoreDescriptionC_s5Error_pSgtcSgySDyAJsAK_pGctFyAJ_ALtcfU0_
FNDA:8,$s6Sticky27NSPersistentContainerLoaderC9asyncLoad012nsPersistentC07handler10completionyAA0bC8Protocol_p_ySo0B16StoreDescriptionC_s5Error_pSgtcSgySDyAJsAK_pGctFyAJ_ALtcfU0_yyXEfU_
FNF:13
FNH:12
DA:27,46
DA:33,36
DA:34,36
DA:35,36
DA:36,36
DA:37,36
DA:38,36
DA:39,36
DA:40,36
DA:41,36
DA:42,36
DA:43,36
DA:44,36
DA:45,72
DA:46,36
DA:47,36
DA:48,36
DA:49,36
DA:50,36
DA:51,36
DA:52,36
DA:53,36
DA:54,36
DA:55,36
DA:56,36
DA:57,36
DA:58,36
DA:59,36
DA:60,36
DA:66,8
DA:67,8
DA:68,8
DA:69,8
DA:70,8
DA:71,8
DA:72,8
DA:73,8
DA:74,8
DA:75,8
DA:76,8
DA:77,8
DA:78,8
DA:79,8
DA:80,1
DA:81,1
DA:82,1
DA:83,8
DA:84,8
DA:85,8
DA:86,8
DA:87,8
BRF:0
BRH:0
LF:91
LH:90
end_of_record
SF:/Users/runner/work/Sticky/Sticky/Sources/NSPersistentContainerProtocol.swift
FN:43,$s6Sticky29NSPersistentContainerProtocolPAAE63replacePersistentStoreDescriptionsWithSingleInMemoryDescriptionyyF
FNDA:39,$s6Sticky29NSPersistentContainerProtocolPAAE63replacePersistentStoreDescriptionsWithSingleInMemoryDescriptionyyF
FNF:1
FNH:1
DA:43,39
DA:44,39
DA:45,39
DA:46,39
DA:47,39
BRF:0
BRH:0
LF:5
LH:5
end_of_record
SF:/Users/runner/work/Sticky/Sticky/Sources/PersistentContainer.swift
FN:38,$s6Sticky19PersistentContainerC6loader33_BFC98C412907A996C783FB68D07D01CCLLAA012NSPersistentC6LoaderCvpfi
FN:45,$s6Sticky19PersistentContainerC02nsbC08inMemory11fileManagerAcA012NSPersistentC8Protocol_p_SbAA04FilehJ0_ptcfc
FN:56,$s6Sticky19PersistentContainerC4name18managedObjectModel8inMemory11fileManagerACSS_So09NSManagedfG0CSgSbAA04FileK8Protocol_ptcfC
FN:57,$s6Sticky19PersistentContainerC4name18managedObjectModel8inMemory11fileManagerACSS_So09NSManagedfG0CSgSbAA04FileK8Protocol_ptcfcSo012NSPersistentC0CyXEfU_
FN:67,$s6Sticky19PersistentContainerC6_state33_BFC98C412907A996C783FB68D07D01CCLLAA6AtomicCyAC5StateOGvpfi
FN:68,$s6Sticky19PersistentContainerC5stateAC5StateOvg
FN:73,$s6Sticky19PersistentContainerC14resetToLoading33_BFC98C412907A996C783FB68D07D01CCLLyyKF
FN:74,$s6Sticky19PersistentContainerC14resetToLoading33_BFC98C412907A996C783FB68D07D01CCLLyyKFyAC5StateOzKXEfU_
FN:81,$s6Sticky19PersistentContainerC5startAC15ContextProviderCyKF
FN:103,$s6Sticky19PersistentContainerC5start5queue10completionySo012OS_dispatch_E0C_ys6ResultOyAC15ContextProviderCs5Error_pGctF
FN:107,$s6Sticky19PersistentContainerC5start5queue10completionySo012OS_dispatch_E0C_ys6ResultOyAC15ContextProviderCs5Error_pGctFyycfU_
FN:117,$s6Sticky19PersistentContainerC5start5queue10completionySo012OS_dispatch_E0C_ys6ResultOyAC15ContextProviderCs5Error_pGctFySDySo28NSPersistentStoreDescriptionCsAM_pGcfU0_
FN:118,$s6Sticky19PersistentContainerC5start5queue10completionySo012OS_dispatch_E0C_ys6ResultOyAC15ContextProviderCs5Error_pGctFySDySo28NSPersistentStoreDescriptionCsAM_pGcfU0_yycfU_
FN:133,$s6Sticky19PersistentContainerC19deleteSQLLiteStoresyyKF
FN:134,$s6Sticky19PersistentContainerC19deleteSQLLiteStoresyyKF0D12FileIfExistsL_2aty10Foundation3URLV_tKF
FN:140,$s6Sticky19PersistentContainerC19deleteSQLLiteStoresyyKF0D13DatabaseFilesL_3forySay10Foundation3URLVG_tKF
FN:153,$s6Sticky19PersistentContainerC19deleteSQLLiteStoresyyKFSbSo28NSPersistentStoreDescriptionCXEfU_
FN:154,$s6Sticky19PersistentContainerC19deleteSQLLiteStoresyyKF10Foundation3URLVSgSo28NSPersistentStoreDescriptionCXEfU0_
FN:160,$s6Sticky19PersistentContainerC19deleteSQLLiteStoresyyKFy10Foundation3URLVKXEfU1_
FNDA:19,$s6Sticky19PersistentContainerC6loader33_BFC98C412907A996C783FB68D07D01CCLLAA012NSPersistentC6LoaderCvpfi
FNDA:19,$s6Sticky19PersistentContainerC02nsbC08inMemory11fileManagerAcA012NSPersistentC8Protocol_p_SbAA04FilehJ0_ptcfc
FNDA:0,$s6Sticky19PersistentContainerC4name18managedObjectModel8inMemory11fileManagerACSS_So09NSManagedfG0CSgSbAA04FileK8Protocol_ptcfC
FNDA:0,$s6Sticky19PersistentContainerC4name18managedObjectModel8inMemory11fileManagerACSS_So09NSManagedfG0CSgSbAA04FileK8Protocol_ptcfcSo012NSPersistentC0CyXEfU_
FNDA:19,$s6Sticky19PersistentContainerC6_state33_BFC98C412907A996C783FB68D07D01CCLLAA6AtomicCyAC5StateOGvpfi
FNDA:11,$s6Sticky19PersistentContainerC5stateAC5StateOvg
FNDA:19,$s6Sticky19PersistentContainerC14resetToLoading33_BFC98C412907A996C783FB68D07D01CCLLyyKF
FNDA:19,$s6Sticky19PersistentContainerC14resetToLoading33_BFC98C412907A996C783FB68D07D01CCLLyyKFyAC5StateOzKXEfU_
FNDA:10,$s6Sticky19PersistentContainerC5startAC15ContextProviderCyKF
FNDA:9,$s6Sticky19PersistentContainerC5start5queue10completionySo012OS_dispatch_E0C_ys6ResultOyAC15ContextProviderCs5Error_pGctF
FNDA:1,$s6Sticky19PersistentContainerC5start5queue10completionySo012OS_dispatch_E0C_ys6ResultOyAC15ContextProviderCs5Error_pGctFyycfU_
FNDA:8,$s6Sticky19PersistentContainerC5start5queue10completionySo012OS_dispatch_E0C_ys6ResultOyAC15ContextProviderCs5Error_pGctFySDySo28NSPersistentStoreDescriptionCsAM_pGcfU0_
FNDA:8,$s6Sticky19PersistentContainerC5start5queue10completionySo012OS_dispatch_E0C_ys6ResultOyAC15ContextProviderCs5Error_pGctFySDySo28NSPersistentStoreDescriptionCsAM_pGcfU0_yycfU_
FNDA:4,$s6Sticky19PersistentContainerC19deleteSQLLiteStoresyyKF
FNDA:12,$s6Sticky19PersistentContainerC19deleteSQLLiteStoresyyKF0D12FileIfExistsL_2aty10Foundation3URLV_tKF
FNDA:4,$s6Sticky19PersistentContainerC19deleteSQLLiteStoresyyKF0D13DatabaseFilesL_3forySay10Foundation3URLVG_tKF
FNDA:4,$s6Sticky19PersistentContainerC19deleteSQLLiteStoresyyKFSbSo28NSPersistentStoreDescriptionCXEfU_
FNDA:4,$s6Sticky19PersistentContainerC19deleteSQLLiteStoresyyKF10Foundation3URLVSgSo28NSPersistentStoreDescriptionCXEfU0_
FNDA:1,$s6Sticky19PersistentContainerC19deleteSQLLiteStoresyyKFy10Foundation3URLVKXEfU1_
FNF:19
FNH:17
DA:38,19
DA:45,19
DA:46,19
DA:47,19
DA:48,19
DA:49,19
DA:56,0
DA:57,0
DA:58,0
DA:59,0
DA:60,0
DA:61,0
DA:62,0
DA:63,0
DA:64,0
DA:65,0
DA:67,19
DA:68,11
DA:69,11
DA:70,11
DA:71,11
DA:73,19
DA:74,19
DA:75,19
DA:76,17
DA:77,17
DA:78,19
DA:81,10
DA:82,10
DA:83,10
DA:84,10
DA:85,6
DA:86,10
DA:87,10
DA:88,10
DA:89,10
DA:90,1
DA:91,1
DA:92,1
DA:93,9
DA:94,9
DA:95,9
DA:96,9
DA:97,9
DA:98,10
DA:103,9
DA:104,9
DA:105,9
DA:106,9
DA:107,1
DA:108,1
DA:109,1
DA:110,1
DA:111,8
DA:112,8
DA:113,8
DA:114,6
DA:115,8
DA:116,8
DA:117,8
DA:118,8
DA:119,8
DA:120,1
DA:121,1
DA:122,1
DA:123,1
DA:124,7
DA:125,7
DA:126,7
DA:127,7
DA:128,7
DA:129,7
DA:130,8
DA:131,8
DA:133,4
DA:134,12
DA:135,12
DA:136,6
DA:137,12
DA:138,12
DA:139,4
DA:140,4
DA:141,4
DA:142,4
DA:143,4
DA:144,4
DA:145,4
DA:146,4
DA:147,4
DA:148,4
DA:149,4
DA:150,4
DA:151,4
DA:152,4
DA:153,4
DA:154,4
DA:155,4
DA:156,4
DA:157,4
DA:158,0
DA:159,4
DA:160,1
DA:161,1
DA:162,1
DA:163,1
DA:164,1
DA:165,1
DA:166,1
DA:167,1
DA:168,4
DA:169,3
DA:170,4
DA:171,4
BRF:0
BRH:0
LF:177
LH:159
end_of_record
SF:/Users/runner/work/Sticky/Sticky/Sources/PersistentContainerContextProvider.swift
FN:30,$s6Sticky19PersistentContainerC15ContextProviderC02nsbC0AeA012NSPersistentC8Protocol_p_tcfc
FN:34,$s6Sticky19PersistentContainerC15ContextProviderC04viewD0So015NSManagedObjectD0Cvg
FN:38,$s6Sticky19PersistentContainerC15ContextProviderC013newBackgroundD0So015NSManagedObjectD0CyF
FNDA:42,$s6Sticky19PersistentContainerC15ContextProviderC02nsbC0AeA012NSPersistentC8Protocol_p_tcfc
FNDA:3,$s6Sticky19PersistentContainerC15ContextProviderC04viewD0So015NSManagedObjectD0Cvg
FNDA:45,$s6Sticky19PersistentContainerC15ContextProviderC013newBackgroundD0So015NSManagedObjectD0CyF
FNF:3
FNH:3
DA:30,42
DA:31,42
DA:32,42
DA:34,3
DA:35,3
DA:36,3
DA:38,45
DA:39,45
DA:40,45
BRF:0
BRH:0
LF:9
LH:9
end_of_record
SF:/Users/runner/work/Sticky/Sticky/Sources/URL+Additions.swift
FN:26,$s10Foundation3URLV6StickyE28appendingToLastPathComponentyACSSF
FNDA:22,$s10Foundation3URLV6StickyE28appendingToLastPathComponentyACSSF
FNF:1
FNH:1
DA:26,22
DA:27,22
DA:28,22
DA:29,22
DA:30,22
DA:31,22
DA:32,22
BRF:0
BRH:0
LF:7
LH:7
end_of_record
